2024-12-26 10:16:59 [info]: reached in admin authController 
2024-12-26 10:16:59 [info]: {"email":"admin@gmail.com","password":"Admin@!@#"} 
2024-12-26 10:17:11 [info]: reached in admin authController 
2024-12-26 10:17:11 [info]: {"email":"admin@gmail.com","password":"Admin@123"} 
2024-12-26 11:11:36 [info]: Reached GuideList controller 
2024-12-26 11:11:36 [info]: Reached GuideList controller 
2024-12-26 11:11:38 [info]: reached in update guidestatus controller 
2024-12-26 11:11:41 [info]: Reached GuideList controller 
2024-12-26 11:11:41 [info]: Reached GuideList controller 
2024-12-26 11:14:14 [info]: Reached GuideList controller 
2024-12-26 11:14:14 [info]: Reached GuideList controller 
2024-12-26 12:11:04 [info]: Reached GuideList controller 
2024-12-26 12:11:04 [info]: Reached GuideList controller 
2025-01-14 18:19:40 [info]: reached in admin authController 
2025-01-14 18:19:40 [info]: {"email":"admin@gmail.com","password":"Admin@123"} 
2025-01-14 18:20:18 [info]: Reached GuideList controller 
2025-01-14 18:20:18 [info]: Reached GuideList controller 
2025-01-14 18:23:34 [info]: Reached Userlist controller 
2025-01-14 18:23:34 [info]: Reached Userlist controller 
2025-01-14 18:23:36 [info]: Reached GuideList controller 
2025-01-14 18:23:36 [info]: Reached GuideList controller 
2025-01-14 18:23:38 [info]: Reached Userlist controller 
2025-01-14 18:23:38 [info]: Reached Userlist controller 
2025-01-14 19:06:49 [info]: Reached Userlist controller 
2025-01-14 19:06:49 [info]: Reached Userlist controller 
2025-01-18 09:35:55 [info]: reached in admin authController 
2025-01-18 09:35:55 [info]: {"email":"admin@gmail.com","password":"Admin@123"} 
2025-01-18 09:35:58 [info]: Reached GuideList controller 
2025-01-18 09:35:58 [info]: Reached GuideList controller 
2025-01-18 09:36:01 [info]: reached in update guidestatus controller 
2025-01-18 09:36:03 [info]: Reached GuideList controller 
2025-01-18 09:36:03 [info]: Reached GuideList controller 
2025-01-21 10:45:27 [info]: Reached GuideList controller 
2025-01-21 10:45:27 [info]: Reached GuideList controller 
2025-01-21 10:47:30 [info]: Reached GuideList controller 
2025-01-21 10:47:31 [info]: Reached GuideList controller 
2025-01-21 10:47:42 [info]: reached in update guidestatus controller 
2025-01-21 10:47:43 [info]: Reached GuideList controller 
2025-01-21 10:47:43 [info]: Reached GuideList controller 
2025-01-21 10:47:54 [info]: Reached GuideList controller 
2025-01-21 10:47:55 [info]: Reached GuideList controller 
2025-01-21 10:47:56 [info]: Reached GuideList controller 
2025-01-21 10:47:57 [info]: Reached GuideList controller 
2025-01-21 10:47:58 [info]: Reached GuideList controller 
2025-01-21 10:48:04 [info]: Reached GuideList controller 
2025-01-21 10:48:06 [info]: Reached GuideList controller 
2025-01-21 10:48:07 [info]: Reached GuideList controller 
2025-01-21 10:48:08 [info]: Reached GuideList controller 
2025-01-21 10:48:09 [info]: Reached GuideList controller 
2025-01-21 10:48:12 [info]: Reached GuideList controller 
2025-01-21 10:48:13 [info]: Reached GuideList controller 
2025-01-21 10:48:14 [info]: Reached GuideList controller 
2025-01-21 10:48:15 [info]: Reached GuideList controller 
2025-01-21 10:48:16 [info]: Reached GuideList controller 
2025-01-21 10:48:17 [info]: Reached GuideList controller 
2025-01-21 10:48:18 [info]: Reached GuideList controller 
2025-01-21 10:48:30 [info]: Reached GuideList controller 
2025-01-21 10:50:22 [info]: Reached GuideList controller 
2025-01-21 10:50:28 [info]: Reached GuideList controller 
2025-01-21 10:50:28 [info]: Reached GuideList controller 
2025-01-21 10:50:29 [info]: Reached GuideList controller 
2025-01-21 10:50:29 [info]: Reached GuideList controller 
2025-01-21 10:50:31 [info]: reached in update guidestatus controller 
2025-01-21 10:50:33 [info]: Reached GuideList controller 
2025-01-21 10:50:33 [info]: Reached GuideList controller 
2025-01-21 10:50:41 [info]: reached in update guidestatus controller 
2025-01-21 10:52:56 [info]: Reached GuideList controller 
2025-01-21 10:52:57 [info]: Reached GuideList controller 
2025-01-21 10:53:02 [info]: Reached GuideList controller 
2025-01-21 10:53:02 [info]: Reached GuideList controller 
2025-01-21 10:53:02 [info]: Reached GuideList controller 
2025-01-21 10:53:02 [info]: Reached GuideList controller 
2025-01-21 10:53:04 [info]: reached in update guidestatus controller 
2025-01-21 10:53:05 [info]: reached in update guidestatus controller 
2025-01-21 10:53:06 [info]: Reached GuideList controller 
2025-01-21 10:53:06 [info]: Reached GuideList controller 
2025-01-21 10:53:08 [info]: reached in update guidestatus controller 
2025-01-21 10:53:08 [info]: Reached GuideList controller 
2025-01-21 10:53:08 [info]: Reached GuideList controller 
2025-01-21 10:54:12 [info]: Reached GuideList controller 
2025-01-21 10:54:12 [info]: Reached GuideList controller 
2025-01-21 10:54:18 [info]: reached in update guidestatus controller 
2025-01-21 10:56:07 [info]: Reached GuideList controller 
2025-01-21 10:56:08 [info]: Reached GuideList controller 
2025-01-21 10:56:55 [info]: Reached GuideList controller 
2025-01-21 10:57:02 [info]: Reached GuideList controller 
2025-01-21 10:57:02 [info]: Reached GuideList controller 
2025-01-21 10:57:56 [info]: Reached GuideList controller 
2025-01-22 10:48:18 [info]: Reached GuideList controller 
2025-01-22 10:48:18 [info]: Reached GuideList controller 
2025-01-22 10:48:23 [info]: Reached GuideList controller 
2025-01-22 10:48:23 [info]: Reached GuideList controller 
2025-01-27 17:25:31 [info]: Reached GuideList controller 
2025-01-27 17:25:32 [info]: Reached GuideList controller 
2025-01-28 13:09:02 [info]: Reached GuideList controller 
2025-01-28 13:09:02 [info]: Reached GuideList controller 
2025-01-28 13:09:06 [info]: reached in update guidestatus controller 
2025-01-28 13:09:07 [info]: Reached GuideList controller 
2025-01-28 13:09:07 [info]: Reached GuideList controller 
2025-01-28 13:36:23 [info]: Reached GuideList controller 
2025-01-28 13:36:23 [info]: Reached GuideList controller 
2025-01-28 13:37:31 [info]: Reached GuideList controller 
2025-01-28 13:37:31 [info]: Reached GuideList controller 
2025-01-28 14:33:31 [info]: reached in admin authController 
2025-01-28 14:33:31 [info]: {"email":"admin@gmail.com","password":"Admin@123"} 
2025-01-28 14:33:35 [info]: Reached GuideList controller 
2025-01-28 14:33:35 [info]: Reached GuideList controller 
2025-01-28 14:33:37 [info]: reached in update guidestatus controller 
2025-01-28 14:33:39 [info]: Reached GuideList controller 
2025-01-28 14:33:39 [info]: Reached GuideList controller 
2025-01-28 14:33:53 [info]: Reached Userlist controller 
2025-01-28 14:33:53 [info]: Reached Userlist controller 
2025-01-28 14:33:56 [info]: entered to updating user status controller 
2025-01-28 14:34:00 [info]: Reached Userlist controller 
2025-01-28 14:34:00 [info]: Reached Userlist controller 
2025-01-28 14:34:42 [info]: Reached GuideList controller 
2025-01-28 14:34:42 [info]: Reached GuideList controller 
2025-01-28 14:35:16 [info]: Reached Userlist controller 
2025-01-28 14:35:16 [info]: Reached Userlist controller 
2025-01-28 14:38:54 [info]: Reached Userlist controller 
2025-01-28 14:38:54 [info]: Reached Userlist controller 
2025-01-28 14:38:56 [info]: entered to updating user status controller 
2025-01-28 14:38:57 [info]: Reached Userlist controller 
2025-01-28 14:38:57 [info]: Reached Userlist controller 
2025-01-31 21:42:13 [info]: reached updateprofile Controller 
2025-01-31 21:57:25 [info]: reached updateprofile Controller 
2025-01-31 21:58:36 [info]: reached updateprofile Controller 
2025-01-31 22:00:35 [info]: reached updateprofile Controller 
2025-01-31 22:01:01 [info]: reached updateprofile Controller 
2025-01-31 22:01:56 [info]: reached updateprofile Controller 
2025-01-31 22:02:12 [info]: reached updateprofile Controller 
2025-01-31 22:05:10 [info]: reached updateprofile Controller 
2025-01-31 22:10:02 [info]: reached updateprofile Controller 
2025-01-31 22:11:53 [info]: reached updateprofile Controller 
2025-01-31 22:14:39 [info]: reached updateprofile Controller 
2025-02-09 14:27:02 [info]: reached in admin authController 
2025-02-09 14:27:02 [info]: {"email":"admin@gmail.com","password":"Admin@123"} 
2025-02-09 14:27:34 [info]: Reached Userlist controller 
2025-02-09 14:27:34 [info]: Reached Userlist controller 
2025-02-09 14:27:36 [info]: entered to updating user status controller 
2025-02-09 14:27:37 [info]: Reached Userlist controller 
2025-02-09 14:27:37 [info]: Reached Userlist controller 
2025-02-09 14:27:39 [info]: Reached GuideList controller 
2025-02-09 14:27:39 [info]: Reached GuideList controller 
2025-02-09 14:27:41 [info]: reached in update guidestatus controller 
2025-02-09 14:27:42 [info]: Reached GuideList controller 
2025-02-09 14:27:42 [info]: Reached GuideList controller 
2025-02-09 14:43:25 [info]: Reached GuideList controller 
2025-02-09 14:43:25 [info]: Reached GuideList controller 
2025-02-09 15:23:24 [info]: Reached GuideList controller 
2025-02-09 15:23:24 [info]: Reached GuideList controller 
2025-02-09 15:23:39 [info]: Reached GuideList controller 
2025-02-09 15:23:39 [info]: Reached GuideList controller 
2025-02-09 15:23:44 [info]: Reached GuideList controller 
2025-02-09 15:23:44 [info]: Reached GuideList controller 
2025-02-09 15:36:44 [info]: Reached GuideList controller 
2025-02-09 15:36:44 [info]: Reached GuideList controller 
2025-02-09 15:37:17 [info]: Reached GuideList controller 
2025-02-09 15:37:17 [info]: Reached GuideList controller 
2025-02-09 15:37:39 [info]: Reached GuideList controller 
2025-02-09 15:37:39 [info]: Reached GuideList controller 
2025-02-09 15:40:40 [info]: Reached GuideList controller 
2025-02-09 15:40:40 [info]: Reached GuideList controller 
2025-02-09 15:42:26 [info]: Reached GuideList controller 
2025-02-09 15:42:26 [info]: Reached GuideList controller 
2025-02-10 15:12:00 [info]: Reached GuideList controller 
2025-02-10 15:12:00 [info]: Reached GuideList controller 
2025-02-10 15:12:01 [info]: Reached Userlist controller 
2025-02-10 15:12:01 [info]: Reached Userlist controller 
2025-02-10 15:44:28 [info]: Reached Userlist controller 
2025-02-10 15:44:28 [info]: Reached Userlist controller 
2025-02-10 15:44:30 [info]: Reached GuideList controller 
2025-02-10 15:44:30 [info]: Reached GuideList controller 
2025-02-11 14:08:54 [info]: reached in admin authController 
2025-02-11 14:08:54 [info]: {"email":"admin@gmail.com","password":"Admin@123"} 
2025-02-11 14:08:58 [info]: Reached Userlist controller 
2025-02-11 14:08:58 [info]: Reached Userlist controller 
2025-02-11 14:09:00 [info]: entered to updating user status controller 
2025-02-11 14:09:01 [info]: Reached Userlist controller 
2025-02-11 14:09:01 [info]: Reached Userlist controller 
2025-02-11 14:21:26 [info]: Reached Userlist controller 
2025-02-11 14:21:26 [info]: Reached Userlist controller 
2025-02-11 14:42:04 [info]: Reached Userlist controller 
2025-02-11 14:42:04 [info]: Reached Userlist controller 
2025-02-13 11:50:32 [info]: Reached GuideList controller 
2025-02-13 11:50:32 [info]: Reached GuideList controller 
2025-02-13 11:50:36 [info]: reached in update guidestatus controller 
2025-02-13 11:50:37 [info]: Reached GuideList controller 
2025-02-13 11:50:37 [info]: Reached GuideList controller 
2025-02-13 11:56:10 [info]: Reached GuideList controller 
2025-02-13 11:56:10 [info]: Reached GuideList controller 
2025-02-13 11:56:14 [info]: reached in update guidestatus controller 
2025-02-13 11:56:16 [info]: Reached GuideList controller 
2025-02-13 11:56:16 [info]: Reached GuideList controller 
2025-02-13 18:34:32 [info]: Reached GuideList controller 
2025-02-13 18:34:32 [info]: Reached GuideList controller 
2025-02-26 09:47:31 [info]: reached in admin authController 
2025-02-26 09:47:31 [info]: {"email":"admin@gmail.com","password":"Admin@123"} 
2025-03-02 16:49:01 [info]: reached in admin authController 
2025-03-02 16:49:01 [info]: {"email":"admin@gmail.com","password":"Admin@123"} 
2025-03-02 16:49:04 [info]: Reached GuideList controller 
2025-03-02 16:49:04 [info]: Reached GuideList controller 
2025-03-02 17:29:04 [info]: Reached GuideList controller 
2025-03-02 17:29:04 [info]: Reached GuideList controller 
2025-03-02 20:23:53 [info]: Reached GuideList controller 
2025-03-02 20:23:53 [info]: Reached GuideList controller 
2025-03-02 22:26:49 [info]: Reached GuideList controller 
2025-03-02 22:26:49 [info]: Reached GuideList controller 
2025-03-02 22:27:02 [info]: Reached GuideList controller 
2025-03-02 22:27:02 [info]: Reached GuideList controller 
2025-03-03 10:26:15 [info]: Reached GuideList controller 
2025-03-03 10:26:15 [info]: Reached GuideList controller 
2025-03-04 09:57:23 [info]: Reached GuideList controller 
2025-03-04 09:57:23 [info]: Reached GuideList controller 
2025-03-04 09:57:25 [info]: reached in update guidestatus controller 
2025-03-04 09:57:28 [info]: reached in update guidestatus controller 
2025-03-04 09:57:30 [info]: Reached GuideList controller 
2025-03-04 09:57:30 [info]: Reached GuideList controller 
2025-03-04 09:57:32 [info]: reached in update guidestatus controller 
2025-03-04 09:57:34 [info]: Reached GuideList controller 
2025-03-04 09:57:34 [info]: Reached GuideList controller 
2025-03-04 11:18:23 [info]: Reached GuideList controller 
2025-03-04 11:18:23 [info]: Reached GuideList controller 
2025-03-04 12:15:11 [info]: Reached GuideList controller 
2025-03-04 12:15:11 [info]: Reached GuideList controller 
